mode: set
sipcluster/pkg/services/loadbalancer.go:25.76,32.2 1 0
sipcluster/pkg/services/authhost.go:25.72,33.2 2 0
sipcluster/pkg/services/errors.go:23.53,25.2 1 0
sipcluster/pkg/services/infrastructureservice.go:43.83,52.62 2 0
sipcluster/pkg/services/infrastructureservice.go:55.2,55.12 1 0
sipcluster/pkg/services/infrastructureservice.go:52.62,54.3 1 0
sipcluster/pkg/services/infrastructureservice.go:58.36,62.2 1 0
sipcluster/pkg/services/infrastructureservice.go:65.114,66.48 1 0
sipcluster/pkg/services/infrastructureservice.go:73.2,73.43 1 0
sipcluster/pkg/services/infrastructureservice.go:66.48,68.3 1 0
sipcluster/pkg/services/infrastructureservice.go:68.8,68.51 1 0
sipcluster/pkg/services/infrastructureservice.go:68.51,70.3 1 0
sipcluster/pkg/services/infrastructureservice.go:70.8,70.51 1 0
sipcluster/pkg/services/infrastructureservice.go:70.51,72.3 1 0
sipcluster/pkg/services/jumphost.go:25.72,32.2 1 0
sipcluster/pkg/vbmh/errors.go:12.49,14.2 1 0
sipcluster/pkg/vbmh/errors.go:21.52,23.2 1 0
sipcluster/pkg/vbmh/errors.go:31.45,33.2 1 0
sipcluster/pkg/vbmh/machines.go:90.103,96.16 3 0
sipcluster/pkg/vbmh/machines.go:101.2,102.16 2 0
sipcluster/pkg/vbmh/machines.go:110.2,110.12 1 0
sipcluster/pkg/vbmh/machines.go:96.16,98.3 1 0
sipcluster/pkg/vbmh/machines.go:102.16,104.3 1 0
sipcluster/pkg/vbmh/machines.go:113.87,115.32 2 0
sipcluster/pkg/vbmh/machines.go:118.2,118.33 1 0
sipcluster/pkg/vbmh/machines.go:115.32,117.3 1 0
sipcluster/pkg/vbmh/machines.go:122.84,133.16 4 0
sipcluster/pkg/vbmh/machines.go:136.2,142.16 3 0
sipcluster/pkg/vbmh/machines.go:145.2,145.20 1 0
sipcluster/pkg/vbmh/machines.go:133.16,135.3 1 0
sipcluster/pkg/vbmh/machines.go:142.16,144.3 1 0
sipcluster/pkg/vbmh/machines.go:148.125,157.39 1 0
sipcluster/pkg/vbmh/machines.go:168.2,168.12 1 0
sipcluster/pkg/vbmh/machines.go:157.39,159.17 2 0
sipcluster/pkg/vbmh/machines.go:162.3,163.17 2 0
sipcluster/pkg/vbmh/machines.go:159.17,161.4 1 0
sipcluster/pkg/vbmh/machines.go:163.17,165.4 1 0
sipcluster/pkg/vbmh/machines.go:171.138,174.41 2 0
sipcluster/pkg/vbmh/machines.go:191.2,191.21 1 0
sipcluster/pkg/vbmh/machines.go:194.2,194.20 1 0
sipcluster/pkg/vbmh/machines.go:174.41,175.47 1 0
sipcluster/pkg/vbmh/machines.go:182.3,182.49 1 0
sipcluster/pkg/vbmh/machines.go:175.47,181.4 1 0
sipcluster/pkg/vbmh/machines.go:182.49,188.4 1 0
sipcluster/pkg/vbmh/machines.go:191.21,193.3 1 0
sipcluster/pkg/vbmh/machines.go:197.191,200.35 3 0
sipcluster/pkg/vbmh/machines.go:242.2,242.20 1 0
sipcluster/pkg/vbmh/machines.go:248.2,248.12 1 0
sipcluster/pkg/vbmh/machines.go:200.35,201.49 1 0
sipcluster/pkg/vbmh/machines.go:220.3,220.15 1 0
sipcluster/pkg/vbmh/machines.go:239.3,239.18 1 0
sipcluster/pkg/vbmh/machines.go:201.49,204.43 1 0
sipcluster/pkg/vbmh/machines.go:204.43,210.44 2 0
sipcluster/pkg/vbmh/machines.go:210.44,212.56 1 0
sipcluster/pkg/vbmh/machines.go:212.56,214.12 2 0
sipcluster/pkg/vbmh/machines.go:220.15,233.23 4 0
sipcluster/pkg/vbmh/machines.go:233.23,234.10 1 0
sipcluster/pkg/vbmh/machines.go:242.20,247.3 1 0
sipcluster/pkg/vbmh/machines.go:253.85,255.34 1 0
sipcluster/pkg/vbmh/machines.go:277.2,277.12 1 0
sipcluster/pkg/vbmh/machines.go:255.34,265.17 4 0
sipcluster/pkg/vbmh/machines.go:271.3,272.17 2 0
sipcluster/pkg/vbmh/machines.go:265.17,267.4 1 0
sipcluster/pkg/vbmh/machines.go:272.17,274.4 1 0
sipcluster/pkg/vbmh/machines.go:427.152,431.45 2 0
sipcluster/pkg/vbmh/machines.go:469.2,469.12 1 0
sipcluster/pkg/vbmh/machines.go:431.45,433.61 1 0
sipcluster/pkg/vbmh/machines.go:433.61,439.44 6 0
sipcluster/pkg/vbmh/machines.go:439.44,440.29 1 0
sipcluster/pkg/vbmh/machines.go:459.5,459.17 1 0
sipcluster/pkg/vbmh/machines.go:440.29,441.37 1 0
sipcluster/pkg/vbmh/machines.go:442.25,443.37 1 0
sipcluster/pkg/vbmh/machines.go:454.7,454.18 1 0
sipcluster/pkg/vbmh/machines.go:443.37,445.76 2 0
sipcluster/pkg/vbmh/machines.go:448.8,448.60 1 0
sipcluster/pkg/vbmh/machines.go:445.76,447.9 1 0
sipcluster/pkg/vbmh/machines.go:448.60,451.14 3 0
sipcluster/pkg/vbmh/machines.go:454.18,455.13 1 0
sipcluster/pkg/vbmh/machines.go:459.17,465.6 1 0
sipcluster/pkg/vbmh/machines.go:485.38,487.2 1 0
sipcluster/pkg/vbmh/machines.go:488.50,489.21 1 0
sipcluster/pkg/vbmh/machines.go:492.2,492.14 1 0
sipcluster/pkg/vbmh/machines.go:489.21,491.3 1 0
sipcluster/pkg/vbmh/machines.go:495.95,496.19 1 0
sipcluster/pkg/vbmh/machines.go:499.2,500.17 2 0
sipcluster/pkg/vbmh/machines.go:503.2,503.36 1 0
sipcluster/pkg/vbmh/machines.go:496.19,498.3 1 0
sipcluster/pkg/vbmh/machines.go:500.17,502.3 1 0
sipcluster/pkg/controllers/sipcluster_controller.go:43.81,49.61 4 0
sipcluster/pkg/controllers/sipcluster_controller.go:57.2,58.16 2 0
sipcluster/pkg/controllers/sipcluster_controller.go:62.2,63.16 2 0
sipcluster/pkg/controllers/sipcluster_controller.go:66.2,66.27 1 0
sipcluster/pkg/controllers/sipcluster_controller.go:49.61,55.3 2 0
sipcluster/pkg/controllers/sipcluster_controller.go:58.16,60.3 1 0
sipcluster/pkg/controllers/sipcluster_controller.go:63.16,65.3 1 0
sipcluster/pkg/controllers/sipcluster_controller.go:69.73,73.2 1 0
sipcluster/pkg/controllers/sipcluster_controller.go:100.100,107.16 3 0
sipcluster/pkg/controllers/sipcluster_controller.go:113.2,114.16 2 0
sipcluster/pkg/controllers/sipcluster_controller.go:118.2,118.22 1 0
sipcluster/pkg/controllers/sipcluster_controller.go:107.16,109.3 1 0
sipcluster/pkg/controllers/sipcluster_controller.go:114.16,116.3 1 0
sipcluster/pkg/controllers/sipcluster_controller.go:121.110,122.53 1 0
sipcluster/pkg/controllers/sipcluster_controller.go:142.2,142.12 1 0
sipcluster/pkg/controllers/sipcluster_controller.go:122.53,125.17 2 0
sipcluster/pkg/controllers/sipcluster_controller.go:130.3,131.17 2 0
sipcluster/pkg/controllers/sipcluster_controller.go:137.3,138.17 2 0
sipcluster/pkg/controllers/sipcluster_controller.go:125.17,127.4 1 0
sipcluster/pkg/controllers/sipcluster_controller.go:131.17,133.4 1 0
sipcluster/pkg/controllers/sipcluster_controller.go:138.17,140.4 1 0
